# JRE version: OpenJDK Runtime Environment (8.0_191-b12) (build 1.8.0_191-8u191-b12-2ubuntu0.18.10.1-b12)
# Java VM: OpenJDK 64-Bit Server VM (25.191-b12 mixed mode linux-amd64 compressed oops)
Heap:
 PSYoungGen      total 318976K, used 306135K [0x00000000eab00000, 0x0000000100000000, 0x0000000100000000)
  eden space 291840K, 98% used [0x00000000eab00000,0x00000000fc3f2c08,0x00000000fc800000)
  from space 27136K, 67% used [0x00000000fe580000,0x00000000ff7830d8,0x0000000100000000)
  to   space 28672K, 0% used [0x00000000fc800000,0x00000000fc800000,0x00000000fe400000)
 ParOldGen       total 95744K, used 34639K [0x00000000c0000000, 0x00000000c5d80000, 0x00000000eab00000)
  object space 95744K, 36% used [0x00000000c0000000,0x00000000c21d3d20,0x00000000c5d80000)
 Metaspace       used 83742K, capacity 84776K, committed 85012K, reserved 1122304K
  class space    used 11774K, capacity 11974K, committed 12052K, reserved 1048576K
GC Heap History (10 events):
Event: 1119,094 GC heap before
{Heap before GC invocations=29 (full 4):
 PSYoungGen      total 254976K, used 248976K [0x00000000eab00000, 0x00000000fc880000, 0x0000000100000000)
  eden space 231936K, 100% used [0x00000000eab00000,0x00000000f8d80000,0x00000000f8d80000)
  from space 23040K, 73% used [0x00000000fa580000,0x00000000fb624360,0x00000000fbc00000)
  to   space 24576K, 0% used [0x00000000f8d80000,0x00000000f8d80000,0x00000000fa580000)
 ParOldGen       total 91648K, used 54838K [0x00000000c0000000, 0x00000000c5980000, 0x00000000eab00000)
  object space 91648K, 59% used [0x00000000c0000000,0x00000000c358da28,0x00000000c5980000)
 Metaspace       used 82188K, capacity 83170K, committed 83476K, reserved 1120256K
  class space    used 11731K, capacity 11937K, committed 12052K, reserved 1048576K
Event: 1119,152 GC heap after
Heap after GC invocations=29 (full 4):
 PSYoungGen      total 256512K, used 1572K [0x00000000eab00000, 0x00000000fed80000, 0x0000000100000000)
  eden space 231936K, 0% used [0x00000000eab00000,0x00000000eab00000,0x00000000f8d80000)
  from space 24576K, 6% used [0x00000000f8d80000,0x00000000f8f090b0,0x00000000fa580000)
  to   space 24576K, 0% used [0x00000000fd580000,0x00000000fd580000,0x00000000fed80000)
 ParOldGen       total 91648K, used 87838K [0x00000000c0000000, 0x00000000c5980000, 0x00000000eab00000)
  object space 91648K, 95% used [0x00000000c0000000,0x00000000c55c7a68,0x00000000c5980000)
 Metaspace       used 82188K, capacity 83170K, committed 83476K, reserved 1120256K
  class space    used 11731K, capacity 11937K, committed 12052K, reserved 1048576K
}
Event: 1119,152 GC heap before
{Heap before GC invocations=30 (full 5):
 PSYoungGen      total 256512K, used 1572K [0x00000000eab00000, 0x00000000fed80000, 0x0000000100000000)
  eden space 231936K, 0% used [0x00000000eab00000,0x00000000eab00000,0x00000000f8d80000)
  from space 24576K, 6% used [0x00000000f8d80000,0x00000000f8f090b0,0x00000000fa580000)
  to   space 24576K, 0% used [0x00000000fd580000,0x00000000fd580000,0x00000000fed80000)
 ParOldGen       total 91648K, used 87838K [0x00000000c0000000, 0x00000000c5980000, 0x00000000eab00000)
  object space 91648K, 95% used [0x00000000c0000000,0x00000000c55c7a68,0x00000000c5980000)
 Metaspace       used 82188K, capacity 83170K, committed 83476K, reserved 1120256K
  class space    used 11731K, capacity 11937K, committed 12052K, reserved 1048576K
Event: 1119,305 GC heap after
Heap after GC invocations=30 (full 5):
 PSYoungGen      total 256512K, used 0K [0x00000000eab00000, 0x00000000fed80000, 0x0000000100000000)
  eden space 231936K, 0% used [0x00000000eab00000,0x00000000eab00000,0x00000000f8d80000)
  from space 24576K, 0% used [0x00000000f8d80000,0x00000000f8d80000,0x00000000fa580000)
  to   space 24576K, 0% used [0x00000000fd580000,0x00000000fd580000,0x00000000fed80000)
 ParOldGen       total 95744K, used 33784K [0x00000000c0000000, 0x00000000c5d80000, 0x00000000eab00000)
  object space 95744K, 35% used [0x00000000c0000000,0x00000000c20fe128,0x00000000c5d80000)
 Metaspace       used 82188K, capacity 83170K, committed 83476K, reserved 1120256K
  class space    used 11731K, capacity 11937K, committed 12052K, reserved 1048576K
}
Event: 1122,041 GC heap before
{Heap before GC invocations=31 (full 5):
 PSYoungGen      total 256512K, used 231936K [0x00000000eab00000, 0x00000000fed80000, 0x0000000100000000)
  eden space 231936K, 100% used [0x00000000eab00000,0x00000000f8d80000,0x00000000f8d80000)
  from space 24576K, 0% used [0x00000000f8d80000,0x00000000f8d80000,0x00000000fa580000)
  to   space 24576K, 0% used [0x00000000fd580000,0x00000000fd580000,0x00000000fed80000)
 ParOldGen       total 95744K, used 33784K [0x00000000c0000000, 0x00000000c5d80000, 0x00000000eab00000)
  object space 95744K, 35% used [0x00000000c0000000,0x00000000c20fe128,0x00000000c5d80000)
 Metaspace       used 82477K, capacity 83426K, committed 83732K, reserved 1120256K
  class space    used 11738K, capacity 11937K, committed 12052K, reserved 1048576K
Event: 1122,057 GC heap after
Heap after GC invocations=31 (full 5):
 PSYoungGen      total 273920K, used 1728K [0x00000000eab00000, 0x00000000fdd80000, 0x0000000100000000)
  eden space 265728K, 0% used [0x00000000eab00000,0x00000000eab00000,0x00000000fae80000)
  from space 8192K, 21% used [0x00000000fd580000,0x00000000fd730080,0x00000000fdd80000)
  to   space 24064K, 0% used [0x00000000fae80000,0x00000000fae80000,0x00000000fc600000)
 ParOldGen       total 95744K, used 33792K [0x00000000c0000000, 0x00000000c5d80000, 0x00000000eab00000)
  object space 95744K, 35% used [0x00000000c0000000,0x00000000c2100128,0x00000000c5d80000)
 Metaspace       used 82477K, capacity 83426K, committed 83732K, reserved 1120256K
  class space    used 11738K, capacity 11937K, committed 12052K, reserved 1048576K
}
Event: 1162,101 GC heap before
{Heap before GC invocations=32 (full 5):
 PSYoungGen      total 273920K, used 267456K [0x00000000eab00000, 0x00000000fdd80000, 0x0000000100000000)
  eden space 265728K, 100% used [0x00000000eab00000,0x00000000fae80000,0x00000000fae80000)
  from space 8192K, 21% used [0x00000000fd580000,0x00000000fd730080,0x00000000fdd80000)
  to   space 24064K, 0% used [0x00000000fae80000,0x00000000fae80000,0x00000000fc600000)
 ParOldGen       total 95744K, used 33792K [0x00000000c0000000, 0x00000000c5d80000, 0x00000000eab00000)
  object space 95744K, 35% used [0x00000000c0000000,0x00000000c2100128,0x00000000c5d80000)
 Metaspace       used 83006K, capacity 83996K, committed 84244K, reserved 1122304K
  class space    used 11759K, capacity 11962K, committed 12052K, reserved 1048576K
Event: 1162,139 GC heap after
Heap after GC invocations=32 (full 5):
 PSYoungGen      total 289792K, used 21004K [0x00000000eab00000, 0x0000000100000000, 0x0000000100000000)
  eden space 265728K, 0% used [0x00000000eab00000,0x00000000eab00000,0x00000000fae80000)
  from space 24064K, 87% used [0x00000000fae80000,0x00000000fc3033b8,0x00000000fc600000)
  to   space 27136K, 0% used [0x00000000fe580000,0x00000000fe580000,0x0000000100000000)
 ParOldGen       total 95744K, used 34631K [0x00000000c0000000, 0x00000000c5d80000, 0x00000000eab00000)
  object space 95744K, 36% used [0x00000000c0000000,0x00000000c21d1d20,0x00000000c5d80000)
 Metaspace       used 83006K, capacity 83996K, committed 84244K, reserved 1122304K
  class space    used 11759K, capacity 11962K, committed 12052K, reserved 1048576K
}
Event: 1164,404 GC heap before
{Heap before GC invocations=33 (full 5):
 PSYoungGen      total 289792K, used 286732K [0x00000000eab00000, 0x0000000100000000, 0x0000000100000000)
  eden space 265728K, 100% used [0x00000000eab00000,0x00000000fae80000,0x00000000fae80000)
  from space 24064K, 87% used [0x00000000fae80000,0x00000000fc3033b8,0x00000000fc600000)
  to   space 27136K, 0% used [0x00000000fe580000,0x00000000fe580000,0x0000000100000000)
 ParOldGen       total 95744K, used 34631K [0x00000000c0000000, 0x00000000c5d80000, 0x00000000eab00000)
  object space 95744K, 36% used [0x00000000c0000000,0x00000000c21d1d20,0x00000000c5d80000)
 Metaspace       used 83200K, capacity 84212K, committed 84500K, reserved 1122304K
  class space    used 11759K, capacity 11962K, committed 12052K, reserved 1048576K
Event: 1164,470 GC heap after
Heap after GC invocations=33 (full 5):
 PSYoungGen      total 318976K, used 18444K [0x00000000eab00000, 0x0000000100000000, 0x0000000100000000)
  eden space 291840K, 0% used [0x00000000eab00000,0x00000000eab00000,0x00000000fc800000)
  from space 27136K, 67% used [0x00000000fe580000,0x00000000ff7830d8,0x0000000100000000)
  to   space 28672K, 0% used [0x00000000fc800000,0x00000000fc800000,0x00000000fe400000)
 ParOldGen       total 95744K, used 34639K [0x00000000c0000000, 0x00000000c5d80000, 0x00000000eab00000)
  object space 95744K, 36% used [0x00000000c0000000,0x00000000c21d3d20,0x00000000c5d80000)
 Metaspace       used 83200K, capacity 84212K, committed 84500K, reserved 1122304K
  class space    used 11759K, capacity 11962K, committed 12052K, reserved 1048576K
}

