# JRE version: OpenJDK Runtime Environment (8.0_191-b12) (build 1.8.0_191-8u191-b12-2ubuntu0.18.10.1-b12)
# Java VM: OpenJDK 64-Bit Server VM (25.191-b12 mixed mode linux-amd64 compressed oops)
Heap:
 PSYoungGen      total 259072K, used 166290K [0x00000000eab00000, 0x00000000fb980000, 0x0000000100000000)
  eden space 248320K, 66% used [0x00000000eab00000,0x00000000f4d648b0,0x00000000f9d80000)
  from space 10752K, 0% used [0x00000000faf00000,0x00000000faf00000,0x00000000fb980000)
  to   space 14336K, 0% used [0x00000000f9d80000,0x00000000f9d80000,0x00000000fab80000)
 ParOldGen       total 47104K, used 21382K [0x00000000c0000000, 0x00000000c2e00000, 0x00000000eab00000)
  object space 47104K, 45% used [0x00000000c0000000,0x00000000c14e19d0,0x00000000c2e00000)
 Metaspace       used 66798K, capacity 67146K, committed 67672K, reserved 1107968K
  class space    used 9727K, capacity 9802K, committed 9816K, reserved 1048576K
GC Heap History (10 events):
Event: 18,564 GC heap before
{Heap before GC invocations=13 (full 2):
 PSYoungGen      total 144384K, used 7159K [0x00000000eab00000, 0x00000000f7800000, 0x0000000100000000)
  eden space 137216K, 0% used [0x00000000eab00000,0x00000000eab00000,0x00000000f3100000)
  from space 7168K, 99% used [0x00000000f3100000,0x00000000f37fdec8,0x00000000f3800000)
  to   space 8704K, 0% used [0x00000000f6f80000,0x00000000f6f80000,0x00000000f7800000)
 ParOldGen       total 20992K, used 10119K [0x00000000c0000000, 0x00000000c1480000, 0x00000000eab00000)
  object space 20992K, 48% used [0x00000000c0000000,0x00000000c09e1e78,0x00000000c1480000)
 Metaspace       used 34787K, capacity 35044K, committed 35416K, reserved 1079296K
  class space    used 4789K, capacity 4890K, committed 4952K, reserved 1048576K
Event: 18,668 GC heap after
Heap after GC invocations=13 (full 2):
 PSYoungGen      total 144384K, used 0K [0x00000000eab00000, 0x00000000f7800000, 0x0000000100000000)
  eden space 137216K, 0% used [0x00000000eab00000,0x00000000eab00000,0x00000000f3100000)
  from space 7168K, 0% used [0x00000000f3100000,0x00000000f3100000,0x00000000f3800000)
  to   space 8704K, 0% used [0x00000000f6f80000,0x00000000f6f80000,0x00000000f7800000)
 ParOldGen       total 34304K, used 13703K [0x00000000c0000000, 0x00000000c2180000, 0x00000000eab00000)
  object space 34304K, 39% used [0x00000000c0000000,0x00000000c0d61f98,0x00000000c2180000)
 Metaspace       used 34787K, capacity 35044K, committed 35416K, reserved 1079296K
  class space    used 4789K, capacity 4890K, committed 4952K, reserved 1048576K
}
Event: 338,420 GC heap before
{Heap before GC invocations=14 (full 2):
 PSYoungGen      total 144384K, used 137216K [0x00000000eab00000, 0x00000000f7800000, 0x0000000100000000)
  eden space 137216K, 100% used [0x00000000eab00000,0x00000000f3100000,0x00000000f3100000)
  from space 7168K, 0% used [0x00000000f3100000,0x00000000f3100000,0x00000000f3800000)
  to   space 8704K, 0% used [0x00000000f6f80000,0x00000000f6f80000,0x00000000f7800000)
 ParOldGen       total 34304K, used 13703K [0x00000000c0000000, 0x00000000c2180000, 0x00000000eab00000)
  object space 34304K, 39% used [0x00000000c0000000,0x00000000c0d61f98,0x00000000c2180000)
 Metaspace       used 42533K, capacity 42820K, committed 43224K, reserved 1087488K
  class space    used 5936K, capacity 6010K, committed 6104K, reserved 1048576K
Event: 338,460 GC heap after
Heap after GC invocations=14 (full 2):
 PSYoungGen      total 195584K, used 8696K [0x00000000eab00000, 0x00000000f7800000, 0x0000000100000000)
  eden space 186880K, 0% used [0x00000000eab00000,0x00000000eab00000,0x00000000f6180000)
  from space 8704K, 99% used [0x00000000f6f80000,0x00000000f77fe010,0x00000000f7800000)
  to   space 11264K, 0% used [0x00000000f6200000,0x00000000f6200000,0x00000000f6d00000)
 ParOldGen       total 34304K, used 16326K [0x00000000c0000000, 0x00000000c2180000, 0x00000000eab00000)
  object space 34304K, 47% used [0x00000000c0000000,0x00000000c0ff1888,0x00000000c2180000)
 Metaspace       used 42533K, capacity 42820K, committed 43224K, reserved 1087488K
  class space    used 5936K, capacity 6010K, committed 6104K, reserved 1048576K
}
Event: 341,805 GC heap before
{Heap before GC invocations=15 (full 2):
 PSYoungGen      total 195584K, used 195576K [0x00000000eab00000, 0x00000000f7800000, 0x0000000100000000)
  eden space 186880K, 100% used [0x00000000eab00000,0x00000000f6180000,0x00000000f6180000)
  from space 8704K, 99% used [0x00000000f6f80000,0x00000000f77fe010,0x00000000f7800000)
  to   space 11264K, 0% used [0x00000000f6200000,0x00000000f6200000,0x00000000f6d00000)
 ParOldGen       total 34304K, used 16326K [0x00000000c0000000, 0x00000000c2180000, 0x00000000eab00000)
  object space 34304K, 47% used [0x00000000c0000000,0x00000000c0ff1888,0x00000000c2180000)
 Metaspace       used 53772K, capacity 54008K, committed 54488K, reserved 1095680K
  class space    used 7763K, capacity 7839K, committed 7896K, reserved 1048576K
Event: 341,837 GC heap after
Heap after GC invocations=15 (full 2):
 PSYoungGen      total 198656K, used 11258K [0x00000000eab00000, 0x00000000fbd00000, 0x0000000100000000)
  eden space 187392K, 0% used [0x00000000eab00000,0x00000000eab00000,0x00000000f6200000)
  from space 11264K, 99% used [0x00000000f6200000,0x00000000f6cfe918,0x00000000f6d00000)
  to   space 14336K, 0% used [0x00000000faf00000,0x00000000faf00000,0x00000000fbd00000)
 ParOldGen       total 34304K, used 20018K [0x00000000c0000000, 0x00000000c2180000, 0x00000000eab00000)
  object space 34304K, 58% used [0x00000000c0000000,0x00000000c138c808,0x00000000c2180000)
 Metaspace       used 53772K, capacity 54008K, committed 54488K, reserved 1095680K
  class space    used 7763K, capacity 7839K, committed 7896K, reserved 1048576K
}
Event: 346,897 GC heap before
{Heap before GC invocations=16 (full 2):
 PSYoungGen      total 198656K, used 124120K [0x00000000eab00000, 0x00000000fbd00000, 0x0000000100000000)
  eden space 187392K, 60% used [0x00000000eab00000,0x00000000f1937aa0,0x00000000f6200000)
  from space 11264K, 99% used [0x00000000f6200000,0x00000000f6cfe918,0x00000000f6d00000)
  to   space 14336K, 0% used [0x00000000faf00000,0x00000000faf00000,0x00000000fbd00000)
 ParOldGen       total 34304K, used 20018K [0x00000000c0000000, 0x00000000c2180000, 0x00000000eab00000)
  object space 34304K, 58% used [0x00000000c0000000,0x00000000c138c808,0x00000000c2180000)
 Metaspace       used 58309K, capacity 58598K, committed 58968K, reserved 1099776K
  class space    used 8409K, capacity 8514K, committed 8536K, reserved 1048576K
Event: 346,931 GC heap after
Heap after GC invocations=16 (full 2):
 PSYoungGen      total 259072K, used 8804K [0x00000000eab00000, 0x00000000fb980000, 0x0000000100000000)
  eden space 248320K, 0% used [0x00000000eab00000,0x00000000eab00000,0x00000000f9d80000)
  from space 10752K, 81% used [0x00000000faf00000,0x00000000fb799108,0x00000000fb980000)
  to   space 14336K, 0% used [0x00000000f9d80000,0x00000000f9d80000,0x00000000fab80000)
 ParOldGen       total 34304K, used 22411K [0x00000000c0000000, 0x00000000c2180000, 0x00000000eab00000)
  object space 34304K, 65% used [0x00000000c0000000,0x00000000c15e2de8,0x00000000c2180000)
 Metaspace       used 58309K, capacity 58598K, committed 58968K, reserved 1099776K
  class space    used 8409K, capacity 8514K, committed 8536K, reserved 1048576K
}
Event: 346,931 GC heap before
{Heap before GC invocations=17 (full 3):
 PSYoungGen      total 259072K, used 8804K [0x00000000eab00000, 0x00000000fb980000, 0x0000000100000000)
  eden space 248320K, 0% used [0x00000000eab00000,0x00000000eab00000,0x00000000f9d80000)
  from space 10752K, 81% used [0x00000000faf00000,0x00000000fb799108,0x00000000fb980000)
  to   space 14336K, 0% used [0x00000000f9d80000,0x00000000f9d80000,0x00000000fab80000)
 ParOldGen       total 34304K, used 22411K [0x00000000c0000000, 0x00000000c2180000, 0x00000000eab00000)
  object space 34304K, 65% used [0x00000000c0000000,0x00000000c15e2de8,0x00000000c2180000)
 Metaspace       used 58309K, capacity 58598K, committed 58968K, reserved 1099776K
  class space    used 8409K, capacity 8514K, committed 8536K, reserved 1048576K
Event: 347,127 GC heap after
Heap after GC invocations=17 (full 3):
 PSYoungGen      total 259072K, used 0K [0x00000000eab00000, 0x00000000fb980000, 0x0000000100000000)
  eden space 248320K, 0% used [0x00000000eab00000,0x00000000eab00000,0x00000000f9d80000)
  from space 10752K, 0% used [0x00000000faf00000,0x00000000faf00000,0x00000000fb980000)
  to   space 14336K, 0% used [0x00000000f9d80000,0x00000000f9d80000,0x00000000fab80000)
 ParOldGen       total 47104K, used 21382K [0x00000000c0000000, 0x00000000c2e00000, 0x00000000eab00000)
  object space 47104K, 45% used [0x00000000c0000000,0x00000000c14e19d0,0x00000000c2e00000)
 Metaspace       used 58309K, capacity 58598K, committed 58968K, reserved 1099776K
  class space    used 8409K, capacity 8514K, committed 8536K, reserved 1048576K
}

